<?xml version="1.0" encoding="UTF-8"?>
<testsuite xmlns:xsi="http://www.w3.org/2001/XMLSchema-instance" xsi:noNamespaceSchemaLocation="https://maven.apache.org/surefire/maven-surefire-plugin/xsd/surefire-test-report-3.0.xsd" version="3.0" name="TestSuite" time="24.837" tests="115" errors="0" skipped="113" failures="0">
  <properties>
[...]
</properties>
  <testcase name="Execute_Configuration" classname="com.persistent.daisy.core.Test_Cases" time="0">
    <skipped message="Skipping the execution of file  as Execute flag set to No"/>
    <system-out><![CDATA[[main] 2023-04-27 14:25:35 INFO  - Configurations.initialize
[main] 2023-04-27 14:25:35 INFO  - Build release inforamtion: Daisy2-20230309 : Browser zoom functionality and key validations

Environment Name: Default
[main] 2023-04-27 14:25:35 INFO  - ScriptDir: ./Org/Script
[main] 2023-04-27 14:25:35 INFO  - DataDir: ./Org/Script/DataScript
[main] 2023-04-27 14:25:35 INFO  - ConfigDir: ./config
[main] 2023-04-27 14:25:35 INFO  - FileUploadDir: 
[main] 2023-04-27 14:25:35 WARN  - No Directory path entered
[main] 2023-04-27 14:25:35 INFO  - propFileName::: ./config\CustomConfig.properties
Getting all .lic  files in D:\RGI Project Documents\complete_project\Scripter including those in subdirectories
Executing Master File: Master.xlsx
[main] 2023-04-27 14:25:37 INFO  - Skipped by User - 
]]></system-out>
  </testcase>
  <testcase name="Execute_Configuration" classname="com.persistent.daisy.core.Test_Cases" time="0">
    <skipped message="Skipping the execution of file  as Execute flag set to No"/>
    <system-out><![CDATA[[main] 2023-04-27 14:25:37 INFO  - Skipped by User - 
]]></system-out>
  </testcase>
  <testcase name="Execute_Configuration" classname="com.persistent.daisy.core.Test_Cases" time="0">
    <skipped message="Skipping the execution of file  as Execute flag set to No"/>
    <system-out><![CDATA[[main] 2023-04-27 14:25:37 INFO  - Skipped by User - 
]]></system-out>
  </testcase>
  <testcase name="Execute_Configuration" classname="com.persistent.daisy.core.Test_Cases" time="0">
    <skipped message="Skipping the execution of file  as Execute flag set to No"/>
    <system-out><![CDATA[[main] 2023-04-27 14:25:37 INFO  - Skipped by User - 
]]></system-out>
  </testcase>
  <testcase name="Execute_Configuration" classname="com.persistent.daisy.core.Test_Cases" time="0">
    <skipped message="Skipping the execution of file  as Execute flag set to No"/>
    <system-out><![CDATA[[main] 2023-04-27 14:25:37 INFO  - Skipped by User - 
]]></system-out>
  </testcase>
  <testcase name="Execute_Configuration" classname="com.persistent.daisy.core.Test_Cases" time="0">
    <skipped message="Skipping the execution of file  as Execute flag set to No"/>
    <system-out><![CDATA[[main] 2023-04-27 14:25:37 INFO  - Skipped by User - 
]]></system-out>
  </testcase>
  <testcase name="Execute_Configuration" classname="com.persistent.daisy.core.Test_Cases" time="0">
    <skipped message="Skipping the execution of file  as Execute flag set to No"/>
    <system-out><![CDATA[[main] 2023-04-27 14:25:37 INFO  - Skipped by User - 
]]></system-out>
  </testcase>
  <testcase name="Execute_Configuration" classname="com.persistent.daisy.core.Test_Cases" time="0">
    <skipped message="Skipping the execution of file  as Execute flag set to No"/>
    <system-out><![CDATA[[main] 2023-04-27 14:25:37 INFO  - Skipped by User - 
]]></system-out>
  </testcase>
  <testcase name="Execute_Configuration" classname="com.persistent.daisy.core.Test_Cases" time="0">
    <skipped message="Skipping the execution of file  as Execute flag set to No"/>
    <system-out><![CDATA[[main] 2023-04-27 14:25:37 INFO  - Skipped by User - 
]]></system-out>
  </testcase>
  <testcase name="Execute_Configuration" classname="com.persistent.daisy.core.Test_Cases" time="0">
    <skipped message="Skipping the execution of file  as Execute flag set to No"/>
    <system-out><![CDATA[[main] 2023-04-27 14:25:37 INFO  - Skipped by User - 
]]></system-out>
  </testcase>
  <testcase name="Execute_Configuration" classname="com.persistent.daisy.core.Test_Cases" time="0">
    <skipped message="Skipping the execution of file  as Execute flag set to No"/>
    <system-out><![CDATA[[main] 2023-04-27 14:25:37 INFO  - Skipped by User - 
]]></system-out>
  </testcase>
  <testcase name="Execute_Configuration" classname="com.persistent.daisy.core.Test_Cases" time="0">
    <skipped message="Skipping the execution of file  as Execute flag set to No"/>
    <system-out><![CDATA[[main] 2023-04-27 14:25:37 INFO  - Skipped by User - 
]]></system-out>
  </testcase>
  <testcase name="Execute_Configuration" classname="com.persistent.daisy.core.Test_Cases" time="0">
    <skipped message="Skipping the execution of file  as Execute flag set to No"/>
    <system-out><![CDATA[[main] 2023-04-27 14:25:37 INFO  - Skipped by User - 
]]></system-out>
  </testcase>
  <testcase name="Execute_Configuration" classname="com.persistent.daisy.core.Test_Cases" time="0">
    <skipped message="Skipping the execution of file  as Execute flag set to No"/>
    <system-out><![CDATA[[main] 2023-04-27 14:25:37 INFO  - Skipped by User - 
]]></system-out>
  </testcase>
  <testcase name="Execute_Configuration" classname="com.persistent.daisy.core.Test_Cases" time="0">
    <skipped message="Skipping the execution of file  as Execute flag set to No"/>
    <system-out><![CDATA[[main] 2023-04-27 14:25:37 INFO  - Skipped by User - 
]]></system-out>
  </testcase>
  <testcase name="Execute_Configuration" classname="com.persistent.daisy.core.Test_Cases" time="0">
    <skipped message="Skipping the execution of file  as Execute flag set to No"/>
    <system-out><![CDATA[[main] 2023-04-27 14:25:37 INFO  - Skipped by User - 
]]></system-out>
  </testcase>
  <testcase name="Execute_Configuration" classname="com.persistent.daisy.core.Test_Cases" time="0">
    <skipped message="Skipping the execution of file  as Execute flag set to No"/>
    <system-out><![CDATA[[main] 2023-04-27 14:25:37 INFO  - Skipped by User - 
]]></system-out>
  </testcase>
  <testcase name="Execute_Configuration" classname="com.persistent.daisy.core.Test_Cases" time="0">
    <skipped message="Skipping the execution of file  as Execute flag set to No"/>
    <system-out><![CDATA[[main] 2023-04-27 14:25:37 INFO  - Skipped by User - 
]]></system-out>
  </testcase>
  <testcase name="Execute_Configuration" classname="com.persistent.daisy.core.Test_Cases" time="0">
    <skipped message="Skipping the execution of file  as Execute flag set to No"/>
    <system-out><![CDATA[[main] 2023-04-27 14:25:37 INFO  - Skipped by User - 
]]></system-out>
  </testcase>
  <testcase name="Execute_Configuration" classname="com.persistent.daisy.core.Test_Cases" time="0">
    <skipped message="Skipping the execution of file  as Execute flag set to No"/>
    <system-out><![CDATA[[main] 2023-04-27 14:25:37 INFO  - Skipped by User - 
]]></system-out>
  </testcase>
  <testcase name="Execute_Configuration" classname="com.persistent.daisy.core.Test_Cases" time="0">
    <skipped message="Skipping the execution of file  as Execute flag set to No"/>
    <system-out><![CDATA[[main] 2023-04-27 14:25:37 INFO  - Skipped by User - 
]]></system-out>
  </testcase>
  <testcase name="Execute_Configuration" classname="com.persistent.daisy.core.Test_Cases" time="0">
    <skipped message="Skipping the execution of file  as Execute flag set to No"/>
    <system-out><![CDATA[[main] 2023-04-27 14:25:37 INFO  - Skipped by User - 
]]></system-out>
  </testcase>
  <testcase name="Execute_Configuration" classname="com.persistent.daisy.core.Test_Cases" time="0">
    <skipped message="Skipping the execution of file  as Execute flag set to No"/>
    <system-out><![CDATA[[main] 2023-04-27 14:25:37 INFO  - Skipped by User - 
]]></system-out>
  </testcase>
  <testcase name="Execute_Configuration" classname="com.persistent.daisy.core.Test_Cases" time="0">
    <skipped message="Skipping the execution of file  as Execute flag set to No"/>
    <system-out><![CDATA[[main] 2023-04-27 14:25:37 INFO  - Skipped by User - 
]]></system-out>
  </testcase>
  <testcase name="Execute_Configuration" classname="com.persistent.daisy.core.Test_Cases" time="0">
    <skipped message="Skipping the execution of file  as Execute flag set to No"/>
    <system-out><![CDATA[[main] 2023-04-27 14:25:37 INFO  - Skipped by User - 
]]></system-out>
  </testcase>
  <testcase name="Execute_Configuration" classname="com.persistent.daisy.core.Test_Cases" time="0">
    <skipped message="Skipping the execution of file  as Execute flag set to No"/>
    <system-out><![CDATA[[main] 2023-04-27 14:25:37 INFO  - Skipped by User - 
]]></system-out>
  </testcase>
  <testcase name="Execute_Configuration" classname="com.persistent.daisy.core.Test_Cases" time="0">
    <skipped message="Skipping the execution of file  as Execute flag set to No"/>
    <system-out><![CDATA[[main] 2023-04-27 14:25:37 INFO  - Skipped by User - 
]]></system-out>
  </testcase>
  <testcase name="Execute_Configuration" classname="com.persistent.daisy.core.Test_Cases" time="0">
    <skipped message="Skipping the execution of file  as Execute flag set to No"/>
    <system-out><![CDATA[[main] 2023-04-27 14:25:37 INFO  - Skipped by User - 
]]></system-out>
  </testcase>
  <testcase name="Execute_Configuration" classname="com.persistent.daisy.core.Test_Cases" time="0">
    <skipped message="Skipping the execution of file  as Execute flag set to No"/>
    <system-out><![CDATA[[main] 2023-04-27 14:25:37 INFO  - Skipped by User - 
]]></system-out>
  </testcase>
  <testcase name="Execute_Configuration" classname="com.persistent.daisy.core.Test_Cases" time="0">
    <skipped message="Skipping the execution of file  as Execute flag set to No"/>
    <system-out><![CDATA[[main] 2023-04-27 14:25:37 INFO  - Skipped by User - 
]]></system-out>
  </testcase>
  <testcase name="Execute_Configuration" classname="com.persistent.daisy.core.Test_Cases" time="0">
    <skipped message="Skipping the execution of file  as Execute flag set to No"/>
    <system-out><![CDATA[[main] 2023-04-27 14:25:37 INFO  - Skipped by User - 
]]></system-out>
  </testcase>
  <testcase name="Execute_Configuration" classname="com.persistent.daisy.core.Test_Cases" time="0">
    <skipped message="Skipping the execution of file  as Execute flag set to No"/>
    <system-out><![CDATA[[main] 2023-04-27 14:25:37 INFO  - Skipped by User - 
]]></system-out>
  </testcase>
  <testcase name="Execute_Configuration" classname="com.persistent.daisy.core.Test_Cases" time="0">
    <skipped message="Skipping the execution of file  as Execute flag set to No"/>
    <system-out><![CDATA[[main] 2023-04-27 14:25:37 INFO  - Skipped by User - 
]]></system-out>
  </testcase>
  <testcase name="Execute_Configuration" classname="com.persistent.daisy.core.Test_Cases" time="0">
    <skipped message="Skipping the execution of file  as Execute flag set to No"/>
    <system-out><![CDATA[[main] 2023-04-27 14:25:37 INFO  - Skipped by User - 
]]></system-out>
  </testcase>
  <testcase name="Execute_Configuration" classname="com.persistent.daisy.core.Test_Cases" time="0">
    <skipped message="Skipping the execution of file  as Execute flag set to No"/>
    <system-out><![CDATA[[main] 2023-04-27 14:25:37 INFO  - Skipped by User - 
]]></system-out>
  </testcase>
  <testcase name="Execute_Configuration" classname="com.persistent.daisy.core.Test_Cases" time="0">
    <skipped message="Skipping the execution of file  as Execute flag set to No"/>
    <system-out><![CDATA[[main] 2023-04-27 14:25:37 INFO  - Skipped by User - 
]]></system-out>
  </testcase>
  <testcase name="Execute_Configuration" classname="com.persistent.daisy.core.Test_Cases" time="0">
    <skipped message="Skipping the execution of file  as Execute flag set to No"/>
    <system-out><![CDATA[[main] 2023-04-27 14:25:37 INFO  - Skipped by User - 
]]></system-out>
  </testcase>
  <testcase name="Execute_Configuration" classname="com.persistent.daisy.core.Test_Cases" time="0">
    <skipped message="Skipping the execution of file  as Execute flag set to No"/>
    <system-out><![CDATA[[main] 2023-04-27 14:25:37 INFO  - Skipped by User - 
]]></system-out>
  </testcase>
  <testcase name="Execute_Configuration" classname="com.persistent.daisy.core.Test_Cases" time="0">
    <skipped message="Skipping the execution of file  as Execute flag set to No"/>
    <system-out><![CDATA[[main] 2023-04-27 14:25:37 INFO  - Skipped by User - 
]]></system-out>
  </testcase>
  <testcase name="Execute_Configuration" classname="com.persistent.daisy.core.Test_Cases" time="0">
    <skipped message="Skipping the execution of file  as Execute flag set to No"/>
    <system-out><![CDATA[[main] 2023-04-27 14:25:37 INFO  - Skipped by User - 
]]></system-out>
  </testcase>
  <testcase name="Execute_Configuration" classname="com.persistent.daisy.core.Test_Cases" time="0">
    <skipped message="Skipping the execution of file  as Execute flag set to No"/>
    <system-out><![CDATA[[main] 2023-04-27 14:25:38 INFO  - Skipped by User - 
]]></system-out>
  </testcase>
  <testcase name="Execute_Configuration" classname="com.persistent.daisy.core.Test_Cases" time="0">
    <skipped message="Skipping the execution of file  as Execute flag set to No"/>
    <system-out><![CDATA[[main] 2023-04-27 14:25:38 INFO  - Skipped by User - 
]]></system-out>
  </testcase>
  <testcase name="Execute_Configuration" classname="com.persistent.daisy.core.Test_Cases" time="0">
    <skipped message="Skipping the execution of file  as Execute flag set to No"/>
    <system-out><![CDATA[[main] 2023-04-27 14:25:38 INFO  - Skipped by User - 
]]></system-out>
  </testcase>
  <testcase name="Execute_Configuration" classname="com.persistent.daisy.core.Test_Cases" time="0">
    <skipped message="Skipping the execution of file  as Execute flag set to No"/>
    <system-out><![CDATA[[main] 2023-04-27 14:25:38 INFO  - Skipped by User - 
]]></system-out>
  </testcase>
  <testcase name="Execute_Configuration" classname="com.persistent.daisy.core.Test_Cases" time="0">
    <skipped message="Skipping the execution of file  as Execute flag set to No"/>
    <system-out><![CDATA[[main] 2023-04-27 14:25:38 INFO  - Skipped by User - 
]]></system-out>
  </testcase>
  <testcase name="Execute_Configuration" classname="com.persistent.daisy.core.Test_Cases" time="0">
    <skipped message="Skipping the execution of file  as Execute flag set to No"/>
    <system-out><![CDATA[[main] 2023-04-27 14:25:38 INFO  - Skipped by User - 
]]></system-out>
  </testcase>
  <testcase name="Execute_Configuration" classname="com.persistent.daisy.core.Test_Cases" time="0">
    <skipped message="Skipping the execution of file  as Execute flag set to No"/>
    <system-out><![CDATA[[main] 2023-04-27 14:25:38 INFO  - Skipped by User - 
]]></system-out>
  </testcase>
  <testcase name="Execute_Configuration" classname="com.persistent.daisy.core.Test_Cases" time="0">
    <skipped message="Skipping the execution of file  as Execute flag set to No"/>
    <system-out><![CDATA[[main] 2023-04-27 14:25:38 INFO  - Skipped by User - 
]]></system-out>
  </testcase>
  <testcase name="Execute_Configuration" classname="com.persistent.daisy.core.Test_Cases" time="0">
    <skipped message="Skipping the execution of file  as Execute flag set to No"/>
    <system-out><![CDATA[[main] 2023-04-27 14:25:38 INFO  - Skipped by User - 
]]></system-out>
  </testcase>
  <testcase name="Execute_Configuration" classname="com.persistent.daisy.core.Test_Cases" time="0">
    <skipped message="Skipping the execution of file  as Execute flag set to No"/>
    <system-out><![CDATA[[main] 2023-04-27 14:25:38 INFO  - Skipped by User - 
]]></system-out>
  </testcase>
  <testcase name="Execute_Configuration" classname="com.persistent.daisy.core.Test_Cases" time="0">
    <skipped message="Skipping the execution of file  as Execute flag set to No"/>
    <system-out><![CDATA[[main] 2023-04-27 14:25:38 INFO  - Skipped by User - 
]]></system-out>
  </testcase>
  <testcase name="Execute_Configuration" classname="com.persistent.daisy.core.Test_Cases" time="0">
    <skipped message="Skipping the execution of file  as Execute flag set to No"/>
    <system-out><![CDATA[[main] 2023-04-27 14:25:38 INFO  - Skipped by User - 
]]></system-out>
  </testcase>
  <testcase name="Execute_Configuration" classname="com.persistent.daisy.core.Test_Cases" time="0">
    <skipped message="Skipping the execution of file  as Execute flag set to No"/>
    <system-out><![CDATA[[main] 2023-04-27 14:25:38 INFO  - Skipped by User - 
]]></system-out>
  </testcase>
  <testcase name="Execute_Configuration" classname="com.persistent.daisy.core.Test_Cases" time="0">
    <skipped message="Skipping the execution of file  as Execute flag set to No"/>
    <system-out><![CDATA[[main] 2023-04-27 14:25:38 INFO  - Skipped by User - 
]]></system-out>
  </testcase>
  <testcase name="Execute_Configuration" classname="com.persistent.daisy.core.Test_Cases" time="0">
    <skipped message="Skipping the execution of file  as Execute flag set to No"/>
    <system-out><![CDATA[[main] 2023-04-27 14:25:38 INFO  - Skipped by User - 
]]></system-out>
  </testcase>
  <testcase name="Execute_Configuration" classname="com.persistent.daisy.core.Test_Cases" time="0">
    <skipped message="Skipping the execution of file  as Execute flag set to No"/>
    <system-out><![CDATA[[main] 2023-04-27 14:25:38 INFO  - Skipped by User - 
]]></system-out>
  </testcase>
  <testcase name="Execute_Configuration" classname="com.persistent.daisy.core.Test_Cases" time="0">
    <skipped message="Skipping the execution of file  as Execute flag set to No"/>
    <system-out><![CDATA[[main] 2023-04-27 14:25:38 INFO  - Skipped by User - 
]]></system-out>
  </testcase>
  <testcase name="Execute_Configuration" classname="com.persistent.daisy.core.Test_Cases" time="0">
    <skipped message="Skipping the execution of file  as Execute flag set to No"/>
    <system-out><![CDATA[[main] 2023-04-27 14:25:38 INFO  - Skipped by User - 
]]></system-out>
  </testcase>
  <testcase name="Execute_Configuration" classname="com.persistent.daisy.core.Test_Cases" time="0">
    <skipped message="Skipping the execution of file  as Execute flag set to No"/>
    <system-out><![CDATA[[main] 2023-04-27 14:25:38 INFO  - Skipped by User - 
]]></system-out>
  </testcase>
  <testcase name="Execute_Configuration" classname="com.persistent.daisy.core.Test_Cases" time="0">
    <skipped message="Skipping the execution of file  as Execute flag set to No"/>
    <system-out><![CDATA[[main] 2023-04-27 14:25:38 INFO  - Skipped by User - 
]]></system-out>
  </testcase>
  <testcase name="Execute_Configuration" classname="com.persistent.daisy.core.Test_Cases" time="0">
    <skipped message="Skipping the execution of file  as Execute flag set to No"/>
    <system-out><![CDATA[[main] 2023-04-27 14:25:38 INFO  - Skipped by User - 
]]></system-out>
  </testcase>
  <testcase name="Execute_Configuration" classname="com.persistent.daisy.core.Test_Cases" time="0">
    <skipped message="Skipping the execution of file  as Execute flag set to No"/>
    <system-out><![CDATA[[main] 2023-04-27 14:25:38 INFO  - Skipped by User - 
]]></system-out>
  </testcase>
  <testcase name="Execute_Configuration" classname="com.persistent.daisy.core.Test_Cases" time="0">
    <skipped message="Skipping the execution of file  as Execute flag set to No"/>
    <system-out><![CDATA[[main] 2023-04-27 14:25:38 INFO  - Skipped by User - 
]]></system-out>
  </testcase>
  <testcase name="Execute_Configuration" classname="com.persistent.daisy.core.Test_Cases" time="0">
    <skipped message="Skipping the execution of file  as Execute flag set to No"/>
    <system-out><![CDATA[[main] 2023-04-27 14:25:38 INFO  - Skipped by User - 
]]></system-out>
  </testcase>
  <testcase name="Execute_Configuration" classname="com.persistent.daisy.core.Test_Cases" time="0">
    <skipped message="Skipping the execution of file  as Execute flag set to No"/>
    <system-out><![CDATA[[main] 2023-04-27 14:25:38 INFO  - Skipped by User - 
]]></system-out>
  </testcase>
  <testcase name="Execute_Configuration" classname="com.persistent.daisy.core.Test_Cases" time="0">
    <skipped message="Skipping the execution of file  as Execute flag set to No"/>
    <system-out><![CDATA[[main] 2023-04-27 14:25:38 INFO  - Skipped by User - 
]]></system-out>
  </testcase>
  <testcase name="Execute_Configuration" classname="com.persistent.daisy.core.Test_Cases" time="0">
    <skipped message="Skipping the execution of file  as Execute flag set to No"/>
    <system-out><![CDATA[[main] 2023-04-27 14:25:38 INFO  - Skipped by User - 
]]></system-out>
  </testcase>
  <testcase name="Execute_Configuration" classname="com.persistent.daisy.core.Test_Cases" time="0">
    <skipped message="Skipping the execution of file  as Execute flag set to No"/>
    <system-out><![CDATA[[main] 2023-04-27 14:25:38 INFO  - Skipped by User - 
]]></system-out>
  </testcase>
  <testcase name="Execute_Configuration" classname="com.persistent.daisy.core.Test_Cases" time="0">
    <skipped message="Skipping the execution of file  as Execute flag set to No"/>
    <system-out><![CDATA[[main] 2023-04-27 14:25:38 INFO  - Skipped by User - 
]]></system-out>
  </testcase>
  <testcase name="Execute_Configuration" classname="com.persistent.daisy.core.Test_Cases" time="0">
    <skipped message="Skipping the execution of file  as Execute flag set to No"/>
    <system-out><![CDATA[[main] 2023-04-27 14:25:38 INFO  - Skipped by User - 
]]></system-out>
  </testcase>
  <testcase name="Execute_Configuration" classname="com.persistent.daisy.core.Test_Cases" time="0">
    <skipped message="Skipping the execution of file  as Execute flag set to No"/>
    <system-out><![CDATA[[main] 2023-04-27 14:25:38 INFO  - Skipped by User - 
]]></system-out>
  </testcase>
  <testcase name="Execute_Configuration" classname="com.persistent.daisy.core.Test_Cases" time="0">
    <skipped message="Skipping the execution of file  as Execute flag set to No"/>
    <system-out><![CDATA[[main] 2023-04-27 14:25:38 INFO  - Skipped by User - 
]]></system-out>
  </testcase>
  <testcase name="Execute_Configuration" classname="com.persistent.daisy.core.Test_Cases" time="0">
    <skipped message="Skipping the execution of file  as Execute flag set to No"/>
    <system-out><![CDATA[[main] 2023-04-27 14:25:38 INFO  - Skipped by User - 
]]></system-out>
  </testcase>
  <testcase name="Execute_Configuration" classname="com.persistent.daisy.core.Test_Cases" time="0">
    <skipped message="Skipping the execution of file  as Execute flag set to No"/>
    <system-out><![CDATA[[main] 2023-04-27 14:25:38 INFO  - Skipped by User - 
]]></system-out>
  </testcase>
  <testcase name="Execute_Configuration" classname="com.persistent.daisy.core.Test_Cases" time="0">
    <skipped message="Skipping the execution of file  as Execute flag set to No"/>
    <system-out><![CDATA[[main] 2023-04-27 14:25:38 INFO  - Skipped by User - 
]]></system-out>
  </testcase>
  <testcase name="Execute_Configuration" classname="com.persistent.daisy.core.Test_Cases" time="0">
    <skipped message="Skipping the execution of file  as Execute flag set to No"/>
    <system-out><![CDATA[[main] 2023-04-27 14:25:38 INFO  - Skipped by User - 
]]></system-out>
  </testcase>
  <testcase name="Execute_Configuration" classname="com.persistent.daisy.core.Test_Cases" time="0">
    <skipped message="Skipping the execution of file  as Execute flag set to No"/>
    <system-out><![CDATA[[main] 2023-04-27 14:25:38 INFO  - Skipped by User - 
]]></system-out>
  </testcase>
  <testcase name="Execute_Configuration" classname="com.persistent.daisy.core.Test_Cases" time="0">
    <skipped message="Skipping the execution of file  as Execute flag set to No"/>
    <system-out><![CDATA[[main] 2023-04-27 14:25:38 INFO  - Skipped by User - 
]]></system-out>
  </testcase>
  <testcase name="Execute_Configuration" classname="com.persistent.daisy.core.Test_Cases" time="0">
    <skipped message="Skipping the execution of file  as Execute flag set to No"/>
    <system-out><![CDATA[[main] 2023-04-27 14:25:38 INFO  - Skipped by User - 
]]></system-out>
  </testcase>
  <testcase name="Execute_Configuration" classname="com.persistent.daisy.core.Test_Cases" time="0">
    <skipped message="Skipping the execution of file  as Execute flag set to No"/>
    <system-out><![CDATA[[main] 2023-04-27 14:25:38 INFO  - Skipped by User - 
]]></system-out>
  </testcase>
  <testcase name="Execute_Configuration" classname="com.persistent.daisy.core.Test_Cases" time="0">
    <skipped message="Skipping the execution of file  as Execute flag set to No"/>
    <system-out><![CDATA[[main] 2023-04-27 14:25:38 INFO  - Skipped by User - 
]]></system-out>
  </testcase>
  <testcase name="Execute_Configuration" classname="com.persistent.daisy.core.Test_Cases" time="0">
    <skipped message="Skipping the execution of file  as Execute flag set to No"/>
    <system-out><![CDATA[[main] 2023-04-27 14:25:38 INFO  - Skipped by User - 
]]></system-out>
  </testcase>
  <testcase name="Execute_Configuration" classname="com.persistent.daisy.core.Test_Cases" time="0">
    <skipped message="Skipping the execution of file  as Execute flag set to No"/>
    <system-out><![CDATA[[main] 2023-04-27 14:25:38 INFO  - Skipped by User - 
]]></system-out>
  </testcase>
  <testcase name="Execute_Configuration" classname="com.persistent.daisy.core.Test_Cases" time="0">
    <skipped message="Skipping the execution of file  as Execute flag set to No"/>
    <system-out><![CDATA[[main] 2023-04-27 14:25:38 INFO  - Skipped by User - 
]]></system-out>
  </testcase>
  <testcase name="Execute_Configuration" classname="com.persistent.daisy.core.Test_Cases" time="0">
    <skipped message="Skipping the execution of file  as Execute flag set to No"/>
    <system-out><![CDATA[[main] 2023-04-27 14:25:38 INFO  - Skipped by User - 
]]></system-out>
  </testcase>
  <testcase name="Execute_Configuration" classname="com.persistent.daisy.core.Test_Cases" time="0">
    <skipped message="Skipping the execution of file  as Execute flag set to No"/>
    <system-out><![CDATA[[main] 2023-04-27 14:25:38 INFO  - Skipped by User - 
]]></system-out>
  </testcase>
  <testcase name="Execute_Configuration" classname="com.persistent.daisy.core.Test_Cases" time="0">
    <skipped message="Skipping the execution of file  as Execute flag set to No"/>
    <system-out><![CDATA[[main] 2023-04-27 14:25:38 INFO  - Skipped by User - 
]]></system-out>
  </testcase>
  <testcase name="Execute_Configuration" classname="com.persistent.daisy.core.Test_Cases" time="0">
    <skipped message="Skipping the execution of file  as Execute flag set to No"/>
    <system-out><![CDATA[[main] 2023-04-27 14:25:38 INFO  - Skipped by User - 
]]></system-out>
  </testcase>
  <testcase name="Execute_Configuration" classname="com.persistent.daisy.core.Test_Cases" time="0">
    <skipped message="Skipping the execution of file  as Execute flag set to No"/>
    <system-out><![CDATA[[main] 2023-04-27 14:25:38 INFO  - Skipped by User - 
]]></system-out>
  </testcase>
  <testcase name="Execute_Configuration" classname="com.persistent.daisy.core.Test_Cases" time="0">
    <skipped message="Skipping the execution of file  as Execute flag set to No"/>
    <system-out><![CDATA[[main] 2023-04-27 14:25:38 INFO  - Skipped by User - 
]]></system-out>
  </testcase>
  <testcase name="Execute_Configuration" classname="com.persistent.daisy.core.Test_Cases" time="0">
    <skipped message="Skipping the execution of file  as Execute flag set to No"/>
    <system-out><![CDATA[[main] 2023-04-27 14:25:38 INFO  - Skipped by User - 
]]></system-out>
  </testcase>
  <testcase name="Execute_Configuration" classname="com.persistent.daisy.core.Test_Cases" time="0">
    <skipped message="Skipping the execution of file  as Execute flag set to No"/>
    <system-out><![CDATA[[main] 2023-04-27 14:25:38 INFO  - Skipped by User - 
]]></system-out>
  </testcase>
  <testcase name="Execute_Configuration" classname="com.persistent.daisy.core.Test_Cases" time="0">
    <skipped message="Skipping the execution of file  as Execute flag set to No"/>
    <system-out><![CDATA[[main] 2023-04-27 14:25:38 INFO  - Skipped by User - 
]]></system-out>
  </testcase>
  <testcase name="Execute_Configuration" classname="com.persistent.daisy.core.Test_Cases" time="0">
    <skipped message="Skipping the execution of file  as Execute flag set to No"/>
    <system-out><![CDATA[[main] 2023-04-27 14:25:38 INFO  - Skipped by User - 
]]></system-out>
  </testcase>
  <testcase name="Execute_Configuration" classname="com.persistent.daisy.core.Test_Cases" time="0">
    <skipped message="Skipping the execution of file  as Execute flag set to No"/>
    <system-out><![CDATA[[main] 2023-04-27 14:25:38 INFO  - Skipped by User - 
]]></system-out>
  </testcase>
  <testcase name="Execute_Configuration" classname="com.persistent.daisy.core.Test_Cases" time="0">
    <skipped message="Skipping the execution of file  as Execute flag set to No"/>
    <system-out><![CDATA[[main] 2023-04-27 14:25:38 INFO  - Skipped by User - 
]]></system-out>
  </testcase>
  <testcase name="Execute_Configuration" classname="com.persistent.daisy.core.Test_Cases" time="0">
    <skipped message="Skipping the execution of file  as Execute flag set to No"/>
    <system-out><![CDATA[[main] 2023-04-27 14:25:38 INFO  - Skipped by User - 
]]></system-out>
  </testcase>
  <testcase name="Execute_Configuration" classname="com.persistent.daisy.core.Test_Cases" time="0">
    <skipped message="Skipping the execution of file  as Execute flag set to No"/>
    <system-out><![CDATA[[main] 2023-04-27 14:25:38 INFO  - Skipped by User - 
]]></system-out>
  </testcase>
  <testcase name="Execute_Configuration" classname="com.persistent.daisy.core.Test_Cases" time="0">
    <skipped message="Skipping the execution of file  as Execute flag set to No"/>
    <system-out><![CDATA[[main] 2023-04-27 14:25:38 INFO  - Skipped by User - 
]]></system-out>
  </testcase>
  <testcase name="Execute_Configuration" classname="com.persistent.daisy.core.Test_Cases" time="0">
    <skipped message="Skipping the execution of file  as Execute flag set to No"/>
    <system-out><![CDATA[[main] 2023-04-27 14:25:38 INFO  - Skipped by User - 
]]></system-out>
  </testcase>
  <testcase name="Execute_Configuration" classname="com.persistent.daisy.core.Test_Cases" time="0">
    <skipped message="Skipping the execution of file  as Execute flag set to No"/>
    <system-out><![CDATA[[main] 2023-04-27 14:25:38 INFO  - Skipped by User - 
]]></system-out>
  </testcase>
  <testcase name="Execute_Configuration" classname="com.persistent.daisy.core.Test_Cases" time="0">
    <skipped message="Skipping the execution of file  as Execute flag set to No"/>
    <system-out><![CDATA[[main] 2023-04-27 14:25:38 INFO  - Skipped by User - 
]]></system-out>
  </testcase>
  <testcase name="Execute_Configuration" classname="com.persistent.daisy.core.Test_Cases" time="0">
    <skipped message="Skipping the execution of file  as Execute flag set to No"/>
    <system-out><![CDATA[[main] 2023-04-27 14:25:38 INFO  - Skipped by User - 
]]></system-out>
  </testcase>
  <testcase name="Execute_Configuration" classname="com.persistent.daisy.core.Test_Cases" time="0">
    <skipped message="Skipping the execution of file  as Execute flag set to No"/>
    <system-out><![CDATA[[main] 2023-04-27 14:25:38 INFO  - Skipped by User - 
]]></system-out>
  </testcase>
  <testcase name="Execute_Configuration" classname="com.persistent.daisy.core.Test_Cases" time="0">
    <skipped message="Skipping the execution of file  as Execute flag set to No"/>
    <system-out><![CDATA[[main] 2023-04-27 14:25:38 INFO  - Skipped by User - 
]]></system-out>
  </testcase>
  <testcase name="Execute_Configuration" classname="com.persistent.daisy.core.Test_Cases" time="0">
    <skipped message="Skipping the execution of file  as Execute flag set to No"/>
    <system-out><![CDATA[[main] 2023-04-27 14:25:38 INFO  - Skipped by User - 
]]></system-out>
  </testcase>
  <testcase name="Execute_Configuration" classname="com.persistent.daisy.core.Test_Cases" time="0">
    <skipped message="Skipping the execution of file  as Execute flag set to No"/>
    <system-out><![CDATA[[main] 2023-04-27 14:25:38 INFO  - Skipped by User - 
]]></system-out>
  </testcase>
  <testcase name="Execute_Configuration" classname="com.persistent.daisy.core.Test_Cases" time="0">
    <skipped message="Skipping the execution of file  as Execute flag set to No"/>
    <system-out><![CDATA[[main] 2023-04-27 14:25:38 INFO  - Skipped by User - 
]]></system-out>
  </testcase>
  <testcase name="Execute_Configuration" classname="com.persistent.daisy.core.Test_Cases" time="0">
    <skipped message="Skipping the execution of file  as Execute flag set to No"/>
    <system-out><![CDATA[[main] 2023-04-27 14:25:38 INFO  - Skipped by User - 
]]></system-out>
  </testcase>
  <testcase name="Execute_Configuration" classname="com.persistent.daisy.core.Test_Cases" time="0">
    <skipped message="Skipping the execution of file  as Execute flag set to No"/>
    <system-out><![CDATA[[main] 2023-04-27 14:25:38 INFO  - Skipped by User - 
]]></system-out>
  </testcase>
  <testcase name="Execute_Configuration" classname="com.persistent.daisy.core.Test_Cases" time="0">
    <skipped message="Skipping the execution of file  as Execute flag set to No"/>
    <system-out><![CDATA[[main] 2023-04-27 14:25:38 INFO  - Skipped by User - 
]]></system-out>
  </testcase>
  <testcase name="Execute_Configuration" classname="com.persistent.daisy.core.Test_Cases" time="0">
    <skipped message="Skipping the execution of file  as Execute flag set to No"/>
    <system-out><![CDATA[[main] 2023-04-27 14:25:38 INFO  - Skipped by User - 
]]></system-out>
  </testcase>
  <testcase name="Execute_Configuration" classname="com.persistent.daisy.core.Test_Cases" time="0">
    <skipped message="Skipping the execution of file  as Execute flag set to No"/>
    <system-out><![CDATA[[main] 2023-04-27 14:25:38 INFO  - Skipped by User - 
]]></system-out>
  </testcase>
  <testcase name="Execute_Configuration" classname="com.persistent.daisy.core.Test_Cases" time="18.493"/>
  <testcase name="FailedTests" classname="com.persistent.daisy.core.Test_Cases" time="0"/>
</testsuite>